<?xml version="1.0" encoding="UTF-8"?>
<!-- Generated by org.testng.reporters.JUnitXMLReporter -->
<testsuite hostname="LAPTOP-5E3MODR9" tests="20" failures="0" timestamp="22 Dec 2019 04:15:10 GMT" time="38.093" errors="0">
  <testcase name="Verify_Url" time="0.012" classname="Login_TestCase"/>
  <testcase name="verifyApplicationTitle" time="0.007" classname="Login_TestCase"/>
  <testcase name="verify_Title" time="0.036" classname="Login_TestCase"/>
  <testcase name="loginsesion" time="0.014" classname="Login_TestCase"/>
  <testcase name="Check_PlaceHolder_Username" time="0.029" classname="Login_TestCase"/>
  <testcase name="Check_PlaceHolder_Password" time="0.025" classname="Login_TestCase"/>
  <testcase name="check_Button_color" time="0.484" classname="Login_TestCase"/>
  <testcase name="check_Links" time="0.081" classname="Login_TestCase"/>
  <testcase name="blank_username_password" time="0.577" classname="Login_TestCase"/>
  <testcase name="invalidusername_password" time="4.349" classname="Login_TestCase"/>
  <testcase name="validUsername_Password" time="1.752" classname="Login_TestCase"/>
  <testcase name="Verify_Url_DashBoard" time="0.011" classname="Login_TestCase"/>
  <testcase name="verifyApplicationTitle_DashBoard" time="0.007" classname="Login_TestCase"/>
  <testcase name="heading_Dashboard" time="2.028" classname="Login_TestCase"/>
  <testcase name="click_OnUser" time="2.616" classname="Login_TestCase"/>
  <testcase name="getTableData" time="2.633" classname="Login_TestCase"/>
  <testcase name="Click_On_AddUser_Btn" time="2.244" classname="Login_TestCase"/>
  <testcase name="Fill_Form" time="13.892" classname="Login_TestCase"/>
  <testcase name="clickOn_OperatorBtn" time="5.124" classname="Login_TestCase"/>
  <testcase name="logOutBtn" time="2.15" classname="Login_TestCase"/>
</testsuite>
