<?xml version="1.0" encoding="UTF-8"?>
<testng-results skipped="0" failed="1" ignored="0" total="20" passed="19">
  <reporter-output>
  </reporter-output>
  <suite name="Suite" duration-ms="84854" started-at="2019-12-27T16:54:39 IST" finished-at="2019-12-27T16:56:03 IST">
    <groups>
      <group name="Resgression">
        <method signature="Login_TestCase.validUsername_Password()[pri:11, instance:com.Login_TestCase@5abca1e0]" name="validUsername_Password" class="com.Login_TestCase"/>
      </group> <!-- Resgression -->
      <group name="Regression">
        <method signature="Login_TestCase.Check_PlaceHolder_Password()[pri:6, instance:com.Login_TestCase@5abca1e0]" name="Check_PlaceHolder_Password" class="com.Login_TestCase"/>
        <method signature="Login_TestCase.Check_PlaceHolder_Username()[pri:5, instance:com.Login_TestCase@5abca1e0]" name="Check_PlaceHolder_Username" class="com.Login_TestCase"/>
        <method signature="Login_TestCase.Verify_Url()[pri:1, instance:com.Login_TestCase@5abca1e0]" name="Verify_Url" class="com.Login_TestCase"/>
        <method signature="Login_TestCase.blank_username_password()[pri:9, instance:com.Login_TestCase@5abca1e0]" name="blank_username_password" class="com.Login_TestCase"/>
        <method signature="Login_TestCase.check_Button_color()[pri:7, instance:com.Login_TestCase@5abca1e0]" name="check_Button_color" class="com.Login_TestCase"/>
        <method signature="Login_TestCase.check_Links()[pri:8, instance:com.Login_TestCase@5abca1e0]" name="check_Links" class="com.Login_TestCase"/>
        <method signature="Login_TestCase.invalidusername_password()[pri:10, instance:com.Login_TestCase@5abca1e0]" name="invalidusername_password" class="com.Login_TestCase"/>
        <method signature="Login_TestCase.loginsesion()[pri:4, instance:com.Login_TestCase@5abca1e0]" name="loginsesion" class="com.Login_TestCase"/>
        <method signature="Login_TestCase.verifyApplicationTitle()[pri:2, instance:com.Login_TestCase@5abca1e0]" name="verifyApplicationTitle" class="com.Login_TestCase"/>
        <method signature="Login_TestCase.verify_Title()[pri:3, instance:com.Login_TestCase@5abca1e0]" name="verify_Title" class="com.Login_TestCase"/>
      </group> <!-- Regression -->
      <group name="Smoke">
        <method signature="Login_TestCase.Verify_Url_DashBoard()[pri:12, instance:com.Login_TestCase@5abca1e0]" name="Verify_Url_DashBoard" class="com.Login_TestCase"/>
        <method signature="Login_TestCase.heading_Dashboard()[pri:14, instance:com.Login_TestCase@5abca1e0]" name="heading_Dashboard" class="com.Login_TestCase"/>
        <method signature="Login_TestCase.verifyApplicationTitle_DashBoard()[pri:13, instance:com.Login_TestCase@5abca1e0]" name="verifyApplicationTitle_DashBoard" class="com.Login_TestCase"/>
      </group> <!-- Smoke -->
      <group name="Unit">
        <method signature="Login_TestCase.Click_On_AddUser_Btn()[pri:17, instance:com.Login_TestCase@5abca1e0]" name="Click_On_AddUser_Btn" class="com.Login_TestCase"/>
        <method signature="Login_TestCase.Fill_Form()[pri:18, instance:com.Login_TestCase@5abca1e0]" name="Fill_Form" class="com.Login_TestCase"/>
        <method signature="Login_TestCase.clickOn_OperatorBtn()[pri:19, instance:com.Login_TestCase@5abca1e0]" name="clickOn_OperatorBtn" class="com.Login_TestCase"/>
        <method signature="Login_TestCase.click_OnUser()[pri:15, instance:com.Login_TestCase@5abca1e0]" name="click_OnUser" class="com.Login_TestCase"/>
        <method signature="Login_TestCase.getTableData()[pri:16, instance:com.Login_TestCase@5abca1e0]" name="getTableData" class="com.Login_TestCase"/>
        <method signature="Login_TestCase.logOutBtn()[pri:20, instance:com.Login_TestCase@5abca1e0]" name="logOutBtn" class="com.Login_TestCase"/>
      </group> <!-- Unit -->
    </groups>
    <test name="Test" duration-ms="84854" started-at="2019-12-27T16:54:39 IST" finished-at="2019-12-27T16:56:03 IST">
      <class name="com.Login_TestCase">
        <test-method status="PASS" signature="setup_Browser()[pri:0, instance:com.Login_TestCase@5abca1e0]" name="setup_Browser" is-config="true" duration-ms="24460" started-at="2019-12-27T16:54:14 IST" finished-at="2019-12-27T16:54:39 IST">
          <reporter-output>
          </reporter-output>
        </test-method> <!-- setup_Browser -->
        <test-method status="PASS" signature="Verify_Url()[pri:1, instance:com.Login_TestCase@5abca1e0]" name="Verify_Url" duration-ms="91" started-at="2019-12-27T16:54:46 IST" finished-at="2019-12-27T16:54:46 IST">
          <reporter-output>
          </reporter-output>
        </test-method> <!-- Verify_Url -->
        <test-method status="PASS" signature="verifyApplicationTitle()[pri:2, instance:com.Login_TestCase@5abca1e0]" name="verifyApplicationTitle" duration-ms="0" started-at="2019-12-27T16:54:46 IST" finished-at="2019-12-27T16:54:46 IST">
          <reporter-output>
          </reporter-output>
        </test-method> <!-- verifyApplicationTitle -->
        <test-method status="PASS" signature="verify_Title()[pri:3, instance:com.Login_TestCase@5abca1e0]" name="verify_Title" duration-ms="1328" started-at="2019-12-27T16:54:46 IST" finished-at="2019-12-27T16:54:48 IST">
          <reporter-output>
          </reporter-output>
        </test-method> <!-- verify_Title -->
        <test-method status="PASS" signature="loginsesion()[pri:4, instance:com.Login_TestCase@5abca1e0]" name="loginsesion" duration-ms="18" started-at="2019-12-27T16:54:48 IST" finished-at="2019-12-27T16:54:48 IST">
          <reporter-output>
          </reporter-output>
        </test-method> <!-- loginsesion -->
        <test-method status="PASS" signature="Check_PlaceHolder_Username()[pri:5, instance:com.Login_TestCase@5abca1e0]" name="Check_PlaceHolder_Username" duration-ms="109" started-at="2019-12-27T16:54:48 IST" finished-at="2019-12-27T16:54:48 IST">
          <reporter-output>
          </reporter-output>
        </test-method> <!-- Check_PlaceHolder_Username -->
        <test-method status="PASS" signature="Check_PlaceHolder_Password()[pri:6, instance:com.Login_TestCase@5abca1e0]" name="Check_PlaceHolder_Password" duration-ms="94" started-at="2019-12-27T16:54:48 IST" finished-at="2019-12-27T16:54:48 IST">
          <reporter-output>
          </reporter-output>
        </test-method> <!-- Check_PlaceHolder_Password -->
        <test-method status="PASS" signature="check_Button_color()[pri:7, instance:com.Login_TestCase@5abca1e0]" name="check_Button_color" duration-ms="815" started-at="2019-12-27T16:54:48 IST" finished-at="2019-12-27T16:54:49 IST">
          <reporter-output>
          </reporter-output>
        </test-method> <!-- check_Button_color -->
        <test-method status="PASS" signature="check_Links()[pri:8, instance:com.Login_TestCase@5abca1e0]" name="check_Links" duration-ms="158" started-at="2019-12-27T16:54:49 IST" finished-at="2019-12-27T16:54:49 IST">
          <reporter-output>
          </reporter-output>
        </test-method> <!-- check_Links -->
        <test-method status="PASS" signature="blank_username_password()[pri:9, instance:com.Login_TestCase@5abca1e0]" name="blank_username_password" duration-ms="1223" started-at="2019-12-27T16:54:49 IST" finished-at="2019-12-27T16:54:50 IST">
          <reporter-output>
          </reporter-output>
        </test-method> <!-- blank_username_password -->
        <test-method status="PASS" signature="invalidusername_password()[pri:10, instance:com.Login_TestCase@5abca1e0]" name="invalidusername_password" duration-ms="5801" started-at="2019-12-27T16:54:50 IST" finished-at="2019-12-27T16:54:56 IST">
          <reporter-output>
          </reporter-output>
        </test-method> <!-- invalidusername_password -->
        <test-method status="PASS" signature="validUsername_Password()[pri:11, instance:com.Login_TestCase@5abca1e0]" name="validUsername_Password" duration-ms="21524" started-at="2019-12-27T16:54:56 IST" finished-at="2019-12-27T16:55:17 IST">
          <reporter-output>
          </reporter-output>
        </test-method> <!-- validUsername_Password -->
        <test-method status="PASS" signature="Verify_Url_DashBoard()[pri:12, instance:com.Login_TestCase@5abca1e0]" name="Verify_Url_DashBoard" duration-ms="163" started-at="2019-12-27T16:55:17 IST" finished-at="2019-12-27T16:55:17 IST">
          <reporter-output>
          </reporter-output>
        </test-method> <!-- Verify_Url_DashBoard -->
        <test-method status="PASS" signature="verifyApplicationTitle_DashBoard()[pri:13, instance:com.Login_TestCase@5abca1e0]" name="verifyApplicationTitle_DashBoard" duration-ms="11" started-at="2019-12-27T16:55:17 IST" finished-at="2019-12-27T16:55:17 IST">
          <reporter-output>
          </reporter-output>
        </test-method> <!-- verifyApplicationTitle_DashBoard -->
        <test-method status="FAIL" signature="heading_Dashboard()[pri:14, instance:com.Login_TestCase@5abca1e0]" name="heading_Dashboard" duration-ms="5196" started-at="2019-12-27T16:55:17 IST" finished-at="2019-12-27T16:55:23 IST">
          <exception class="org.openqa.selenium.NoSuchElementException">
            <message>
              <![CDATA[no such element: Unable to locate element: {"method":"xpath","selector":"//h1[contains(text(),'Dashboard1')]"}
  (Session info: chrome=79.0.3945.88)
For documentation on this error, please visit: https://www.seleniumhq.org/exceptions/no_such_element.html
Build info: version: '3.141.59', revision: 'e82be7d358', time: '2018-11-14T08:17:03'
System info: host: 'LAPTOP-5E3MODR9', ip: '192.168.0.119', os.name: 'Windows 10', os.arch: 'amd64', os.version: '10.0', java.version: '1.8.0_152'
Driver info: org.openqa.selenium.chrome.ChromeDriver
Capabilities {acceptInsecureCerts: false, browserName: chrome, browserVersion: 79.0.3945.88, chrome: {chromedriverVersion: 79.0.3945.36 (3582db32b3389..., userDataDir: C:\Users\BS146TU\AppData\Lo...}, goog:chromeOptions: {debuggerAddress: localhost:53443}, javascriptEnabled: true, networkConnectionEnabled: false, pageLoadStrategy: normal, platform: WINDOWS, platformName: WINDOWS, proxy: Proxy(), setWindowRect: true, strictFileInteractability: false, timeouts: {implicit: 0, pageLoad: 300000, script: 30000}, unhandledPromptBehavior: dismiss and notify}
Session ID: 9d3f9e529d3112af318dded500bd0df3
*** Element info: {Using=xpath, value=//h1[contains(text(),'Dashboard1')]}]]>
            </message>
            <full-stacktrace>
              <![CDATA[org.openqa.selenium.NoSuchElementException: no such element: Unable to locate element: {"method":"xpath","selector":"//h1[contains(text(),'Dashboard1')]"}
  (Session info: chrome=79.0.3945.88)
For documentation on this error, please visit: https://www.seleniumhq.org/exceptions/no_such_element.html
Build info: version: '3.141.59', revision: 'e82be7d358', time: '2018-11-14T08:17:03'
System info: host: 'LAPTOP-5E3MODR9', ip: '192.168.0.119', os.name: 'Windows 10', os.arch: 'amd64', os.version: '10.0', java.version: '1.8.0_152'
Driver info: org.openqa.selenium.chrome.ChromeDriver
Capabilities {acceptInsecureCerts: false, browserName: chrome, browserVersion: 79.0.3945.88, chrome: {chromedriverVersion: 79.0.3945.36 (3582db32b3389..., userDataDir: C:\Users\BS146TU\AppData\Lo...}, goog:chromeOptions: {debuggerAddress: localhost:53443}, javascriptEnabled: true, networkConnectionEnabled: false, pageLoadStrategy: normal, platform: WINDOWS, platformName: WINDOWS, proxy: Proxy(), setWindowRect: true, strictFileInteractability: false, timeouts: {implicit: 0, pageLoad: 300000, script: 30000}, unhandledPromptBehavior: dismiss and notify}
Session ID: 9d3f9e529d3112af318dded500bd0df3
*** Element info: {Using=xpath, value=//h1[contains(text(),'Dashboard1')]}
at sun.reflect.NativeConstructorAccessorImpl.newInstance0(Native Method)
at sun.reflect.NativeConstructorAccessorImpl.newInstance(NativeConstructorAccessorImpl.java:62)
at sun.reflect.DelegatingConstructorAccessorImpl.newInstance(DelegatingConstructorAccessorImpl.java:45)
at java.lang.reflect.Constructor.newInstance(Constructor.java:423)
at org.openqa.selenium.remote.http.W3CHttpResponseCodec.createException(W3CHttpResponseCodec.java:187)
at org.openqa.selenium.remote.http.W3CHttpResponseCodec.decode(W3CHttpResponseCodec.java:122)
at org.openqa.selenium.remote.http.W3CHttpResponseCodec.decode(W3CHttpResponseCodec.java:49)
at org.openqa.selenium.remote.HttpCommandExecutor.execute(HttpCommandExecutor.java:158)
at org.openqa.selenium.remote.service.DriverCommandExecutor.execute(DriverCommandExecutor.java:83)
at org.openqa.selenium.remote.RemoteWebDriver.execute(RemoteWebDriver.java:552)
at org.openqa.selenium.remote.RemoteWebDriver.findElement(RemoteWebDriver.java:323)
at org.openqa.selenium.remote.RemoteWebDriver.findElementByXPath(RemoteWebDriver.java:428)
at org.openqa.selenium.By$ByXPath.findElement(By.java:353)
at org.openqa.selenium.remote.RemoteWebDriver.findElement(RemoteWebDriver.java:315)
at com.Login_TestCase.heading_Dashboard(Login_TestCase.java:230)
at sun.reflect.NativeMethodAccessorImpl.invoke0(Native Method)
at sun.reflect.NativeMethodAccessorImpl.invoke(NativeMethodAccessorImpl.java:62)
at sun.reflect.DelegatingMethodAccessorImpl.invoke(DelegatingMethodAccessorImpl.java:43)
at java.lang.reflect.Method.invoke(Method.java:498)
at org.testng.internal.MethodInvocationHelper.invokeMethod(MethodInvocationHelper.java:133)
at org.testng.internal.TestInvoker.invokeMethod(TestInvoker.java:584)
at org.testng.internal.TestInvoker.invokeTestMethod(TestInvoker.java:172)
at org.testng.internal.MethodRunner.runInSequence(MethodRunner.java:46)
at org.testng.internal.TestInvoker$MethodInvocationAgent.invoke(TestInvoker.java:804)
at org.testng.internal.TestInvoker.invokeTestMethods(TestInvoker.java:145)
at org.testng.internal.TestMethodWorker.invokeTestMethods(TestMethodWorker.java:146)
at org.testng.internal.TestMethodWorker.run(TestMethodWorker.java:128)
at java.util.ArrayList.forEach(ArrayList.java:1257)
at org.testng.TestRunner.privateRun(TestRunner.java:770)
at org.testng.TestRunner.run(TestRunner.java:591)
at org.testng.SuiteRunner.runTest(SuiteRunner.java:402)
at org.testng.SuiteRunner.runSequentially(SuiteRunner.java:396)
at org.testng.SuiteRunner.privateRun(SuiteRunner.java:355)
at org.testng.SuiteRunner.run(SuiteRunner.java:304)
at org.testng.SuiteRunnerWorker.runSuite(SuiteRunnerWorker.java:53)
at org.testng.SuiteRunnerWorker.run(SuiteRunnerWorker.java:96)
at org.testng.TestNG.runSuitesSequentially(TestNG.java:1180)
at org.testng.TestNG.runSuitesLocally(TestNG.java:1102)
at org.testng.TestNG.runSuites(TestNG.java:1032)
at org.testng.TestNG.run(TestNG.java:1000)
at org.apache.maven.surefire.testng.TestNGExecutor.run(TestNGExecutor.java:282)
at org.apache.maven.surefire.testng.TestNGXmlTestSuite.execute(TestNGXmlTestSuite.java:83)
at org.apache.maven.surefire.testng.TestNGProvider.invoke(TestNGProvider.java:114)
at org.apache.maven.surefire.booter.ForkedBooter.invokeProviderInSameClassLoader(ForkedBooter.java:286)
at org.apache.maven.surefire.booter.ForkedBooter.runSuitesInProcess(ForkedBooter.java:240)
at org.apache.maven.surefire.booter.ForkedBooter.main(ForkedBooter.java:121)
]]>
            </full-stacktrace>
          </exception> <!-- org.openqa.selenium.NoSuchElementException -->
          <reporter-output>
          </reporter-output>
        </test-method> <!-- heading_Dashboard -->
        <test-method status="PASS" signature="click_OnUser()[pri:15, instance:com.Login_TestCase@5abca1e0]" name="click_OnUser" duration-ms="3524" started-at="2019-12-27T16:55:24 IST" finished-at="2019-12-27T16:55:27 IST">
          <reporter-output>
          </reporter-output>
        </test-method> <!-- click_OnUser -->
        <test-method status="PASS" signature="getTableData()[pri:16, instance:com.Login_TestCase@5abca1e0]" name="getTableData" duration-ms="7625" started-at="2019-12-27T16:55:27 IST" finished-at="2019-12-27T16:55:35 IST">
          <reporter-output>
          </reporter-output>
        </test-method> <!-- getTableData -->
        <test-method status="PASS" signature="Click_On_AddUser_Btn()[pri:17, instance:com.Login_TestCase@5abca1e0]" name="Click_On_AddUser_Btn" duration-ms="2549" started-at="2019-12-27T16:55:35 IST" finished-at="2019-12-27T16:55:38 IST">
          <reporter-output>
          </reporter-output>
        </test-method> <!-- Click_On_AddUser_Btn -->
        <test-method status="PASS" signature="Fill_Form()[pri:18, instance:com.Login_TestCase@5abca1e0]" name="Fill_Form" duration-ms="14389" started-at="2019-12-27T16:55:38 IST" finished-at="2019-12-27T16:55:52 IST">
          <reporter-output>
          </reporter-output>
        </test-method> <!-- Fill_Form -->
        <test-method status="PASS" signature="clickOn_OperatorBtn()[pri:19, instance:com.Login_TestCase@5abca1e0]" name="clickOn_OperatorBtn" duration-ms="10631" started-at="2019-12-27T16:55:52 IST" finished-at="2019-12-27T16:56:03 IST">
          <reporter-output>
          </reporter-output>
        </test-method> <!-- clickOn_OperatorBtn -->
        <test-method status="PASS" signature="logOutBtn()[pri:20, instance:com.Login_TestCase@5abca1e0]" name="logOutBtn" duration-ms="775" started-at="2019-12-27T16:56:03 IST" finished-at="2019-12-27T16:56:03 IST">
          <reporter-output>
          </reporter-output>
        </test-method> <!-- logOutBtn -->
        <test-method status="PASS" signature="close_Browse()[pri:0, instance:com.Login_TestCase@5abca1e0]" name="close_Browse" is-config="true" duration-ms="2328" started-at="2019-12-27T16:56:06 IST" finished-at="2019-12-27T16:56:09 IST">
          <reporter-output>
          </reporter-output>
        </test-method> <!-- close_Browse -->
      </class> <!-- com.Login_TestCase -->
    </test> <!-- Test -->
  </suite> <!-- Suite -->
</testng-results>
