<?xml version="1.0" encoding="UTF-8"?>
<testsuite xmlns:xsi="http://www.w3.org/2001/XMLSchema-instance" xsi:schemaLocation="https://maven.apache.org/surefire/maven-surefire-plugin/xsd/surefire-test-report.xsd" name="TestSuite" time="118.649" tests="20" errors="0" skipped="0" failures="1">
  <properties>
[...]
</properties>
  <testcase name="Verify_Url" classname="com.Login_TestCase" time="0.094"/>
  <testcase name="verifyApplicationTitle" classname="com.Login_TestCase" time="0"/>
  <testcase name="verify_Title" classname="com.Login_TestCase" time="1.332"/>
  <testcase name="loginsesion" classname="com.Login_TestCase" time="0.018"/>
  <testcase name="Check_PlaceHolder_Username" classname="com.Login_TestCase" time="0.109"/>
  <testcase name="Check_PlaceHolder_Password" classname="com.Login_TestCase" time="0.078"/>
  <testcase name="check_Button_color" classname="com.Login_TestCase" time="0.825"/>
  <testcase name="check_Links" classname="com.Login_TestCase" time="0.158"/>
  <testcase name="blank_username_password" classname="com.Login_TestCase" time="1.208"/>
  <testcase name="invalidusername_password" classname="com.Login_TestCase" time="5.801"/>
  <testcase name="validUsername_Password" classname="com.Login_TestCase" time="21.525"/>
  <testcase name="Verify_Url_DashBoard" classname="com.Login_TestCase" time="0.164"/>
  <testcase name="verifyApplicationTitle_DashBoard" classname="com.Login_TestCase" time="0.009"/>
  <testcase name="heading_Dashboard" classname="com.Login_TestCase" time="6.529">
    <failure message="no such element: Unable to locate element: {&quot;method&quot;:&quot;xpath&quot;,&quot;selector&quot;:&quot;//h1[contains(text(),&apos;Dashboard1&apos;)]&quot;}&#10;  (Session info: chrome=79.0.3945.88)&#10;For documentation on this error, please visit: https://www.seleniumhq.org/exceptions/no_such_element.html&#10;Build info: version: &apos;3.141.59&apos;, revision: &apos;e82be7d358&apos;, time: &apos;2018-11-14T08:17:03&apos;&#10;System info: host: &apos;LAPTOP-5E3MODR9&apos;, ip: &apos;192.168.0.119&apos;, os.name: &apos;Windows 10&apos;, os.arch: &apos;amd64&apos;, os.version: &apos;10.0&apos;, java.version: &apos;1.8.0_152&apos;&#10;Driver info: org.openqa.selenium.chrome.ChromeDriver&#10;Capabilities {acceptInsecureCerts: false, browserName: chrome, browserVersion: 79.0.3945.88, chrome: {chromedriverVersion: 79.0.3945.36 (3582db32b3389..., userDataDir: C:\Users\BS146TU\AppData\Lo...}, goog:chromeOptions: {debuggerAddress: localhost:53443}, javascriptEnabled: true, networkConnectionEnabled: false, pageLoadStrategy: normal, platform: WINDOWS, platformName: WINDOWS, proxy: Proxy(), setWindowRect: true, strictFileInteractability: false, timeouts: {implicit: 0, pageLoad: 300000, script: 30000}, unhandledPromptBehavior: dismiss and notify}&#10;Session ID: 9d3f9e529d3112af318dded500bd0df3&#10;*** Element info: {Using=xpath, value=//h1[contains(text(),&apos;Dashboard1&apos;)]}" type="org.openqa.selenium.NoSuchElementException">org.openqa.selenium.NoSuchElementException: 
no such element: Unable to locate element: {"method":"xpath","selector":"//h1[contains(text(),'Dashboard1')]"}
  (Session info: chrome=79.0.3945.88)
For documentation on this error, please visit: https://www.seleniumhq.org/exceptions/no_such_element.html
Build info: version: '3.141.59', revision: 'e82be7d358', time: '2018-11-14T08:17:03'
System info: host: 'LAPTOP-5E3MODR9', ip: '192.168.0.119', os.name: 'Windows 10', os.arch: 'amd64', os.version: '10.0', java.version: '1.8.0_152'
Driver info: org.openqa.selenium.chrome.ChromeDriver
Capabilities {acceptInsecureCerts: false, browserName: chrome, browserVersion: 79.0.3945.88, chrome: {chromedriverVersion: 79.0.3945.36 (3582db32b3389..., userDataDir: C:\Users\BS146TU\AppData\Lo...}, goog:chromeOptions: {debuggerAddress: localhost:53443}, javascriptEnabled: true, networkConnectionEnabled: false, pageLoadStrategy: normal, platform: WINDOWS, platformName: WINDOWS, proxy: Proxy(), setWindowRect: true, strictFileInteractability: false, timeouts: {implicit: 0, pageLoad: 300000, script: 30000}, unhandledPromptBehavior: dismiss and notify}
Session ID: 9d3f9e529d3112af318dded500bd0df3
*** Element info: {Using=xpath, value=//h1[contains(text(),'Dashboard1')]}
	at com.Login_TestCase.heading_Dashboard(Login_TestCase.java:230)
</failure>
    <system-out><![CDATA[==============================[--Test_Is_Started--]===============================
[main] INFO  com.Login_TestCase  - Test Started...[TestResult name=heading_Dashboard status=STARTED method=Login_TestCase.heading_Dashboard()[pri:14, instance:com.Login_TestCase@5abca1e0] output={null}]
[____Test_Start____] :-heading_Dashboard
[....Start_Time....] :-Fri Dec 27 16:55:17 IST 2019
==============================[--Test_Is_Failed--]===============================
[main] INFO  com.Login_TestCase  - Test Failed...[TestResult name=heading_Dashboard status=FAILURE method=Login_TestCase.heading_Dashboard()[pri:14, instance:com.Login_TestCase@5abca1e0] output={null}]
[__Test Failure Exception is occured__] : [TestResult name=heading_Dashboard status=FAILURE method=Login_TestCase.heading_Dashboard()[pri:14, instance:com.Login_TestCase@5abca1e0] output={null}]
]]></system-out>
  </testcase>
  <testcase name="click_OnUser" classname="com.Login_TestCase" time="3.525"/>
  <testcase name="getTableData" classname="com.Login_TestCase" time="7.626"/>
  <testcase name="Click_On_AddUser_Btn" classname="com.Login_TestCase" time="2.551"/>
  <testcase name="Fill_Form" classname="com.Login_TestCase" time="14.39"/>
  <testcase name="clickOn_OperatorBtn" classname="com.Login_TestCase" time="10.63"/>
  <testcase name="logOutBtn" classname="com.Login_TestCase" time="0.776"/>
</testsuite>